

Started GET "/" for 127.0.0.1 at 2016-03-22 12:13:14 -0600
Connecting to database specified by database.yml

ActionController::RoutingError (No route matches [GET] "/"):
  actionpack (3.2.12) lib/action_dispatch/middleware/debug_exceptions.rb:21:in `call'
  actionpack (3.2.12) lib/action_dispatch/middleware/show_exceptions.rb:56:in `call'
  railties (3.2.12) lib/rails/rack/logger.rb:32:in `call_app'
  railties (3.2.12) lib/rails/rack/logger.rb:16:in `block in call'
  activesupport (3.2.12) lib/active_support/tagged_logging.rb:22:in `tagged'
  railties (3.2.12) lib/rails/rack/logger.rb:16:in `call'
  actionpack (3.2.12) lib/action_dispatch/middleware/request_id.rb:22:in `call'
  rack (1.4.7) lib/rack/methodoverride.rb:21:in `call'
  rack (1.4.7) lib/rack/runtime.rb:17:in `call'
  activesupport (3.2.12) lib/active_support/cache/strategy/local_cache.rb:72:in `call'
  rack (1.4.7) lib/rack/lock.rb:15:in `call'
  actionpack (3.2.12) lib/action_dispatch/middleware/static.rb:62:in `call'
  railties (3.2.12) lib/rails/engine.rb:479:in `call'
  railties (3.2.12) lib/rails/application.rb:223:in `call'
  rack (1.4.7) lib/rack/content_length.rb:14:in `call'
  railties (3.2.12) lib/rails/rack/log_tailer.rb:17:in `call'
  rack (1.4.7) lib/rack/handler/webrick.rb:59:in `service'
  C:/Ruby22-x64/lib/ruby/2.2.0/webrick/httpserver.rb:138:in `service'
  C:/Ruby22-x64/lib/ruby/2.2.0/webrick/httpserver.rb:94:in `run'
  C:/Ruby22-x64/lib/ruby/2.2.0/webrick/server.rb:294:in `block in start_thread'


  Rendered C:/Ruby22-x64/lib/ruby/gems/2.2.0/gems/actionpack-3.2.12/lib/action_dispatch/middleware/templates/rescues/routing_error.erb within rescues/layout (22.0ms)


Started GET "/admin/catalogs" for 127.0.0.1 at 2016-03-22 12:13:25 -0600
Processing by Admin::CatalogsController#index as HTML
Completed 500 Internal Server Error in 203ms

ActiveRecord::StatementInvalid (Could not find table 'admin_catalogs'):
  app/controllers/admin/catalogs_controller.rb:5:in `index'


  Rendered C:/Ruby22-x64/lib/ruby/gems/2.2.0/gems/actionpack-3.2.12/lib/action_dispatch/middleware/templates/rescues/_trace.erb (4.0ms)
  Rendered C:/Ruby22-x64/lib/ruby/gems/2.2.0/gems/actionpack-3.2.12/lib/action_dispatch/middleware/templates/rescues/_request_and_response.erb (2.9ms)
  Rendered C:/Ruby22-x64/lib/ruby/gems/2.2.0/gems/actionpack-3.2.12/lib/action_dispatch/middleware/templates/rescues/diagnostics.erb within rescues/layout (1347.0ms)
Connecting to database specified by database.yml
  [1m[36m (0.5ms)[0m  [1mselect sqlite_version(*)[0m
  [1m[35m (127.0ms)[0m  CREATE TABLE "schema_migrations" ("version" varchar(255) NOT NULL) 
  [1m[36m (112.0ms)[0m  [1mCREATE UNIQUE INDEX "unique_schema_migrations" ON "schema_migrations" ("version")[0m
  [1m[35m (0.5ms)[0m  SELECT "schema_migrations"."version" FROM "schema_migrations" 
Connecting to database specified by database.yml
  [1m[36m (0.5ms)[0m  [1mSELECT "schema_migrations"."version" FROM "schema_migrations" [0m
Migrating to CreateAdminCatalogs (20130327194020)
  [1m[35m (0.5ms)[0m  select sqlite_version(*)
  [1m[36m (0.0ms)[0m  [1mbegin transaction[0m
  [1m[35m (2.9ms)[0m  CREATE TABLE "admin_catalogs" ("id" INTEGER PRIMARY KEY AUTOINCREMENT NOT NULL, "nom" varchar(255), "description" varchar(255), "status" integer, "created_at" datetime NOT NULL, "updated_at" datetime NOT NULL) 
  [1m[36m (0.5ms)[0m  [1mINSERT INTO "schema_migrations" ("version") VALUES ('20130327194020')[0m
  [1m[35m (116.0ms)[0m  commit transaction
Migrating to CreateAdminUnits (20130327194808)
  [1m[36m (0.5ms)[0m  [1mbegin transaction[0m
  [1m[35m (4.0ms)[0m  CREATE TABLE "admin_units" ("id" INTEGER PRIMARY KEY AUTOINCREMENT NOT NULL, "nom" varchar(255), "symbol" varchar(255), "status" integer, "created_at" datetime NOT NULL, "updated_at" datetime NOT NULL) 
  [1m[36m (0.5ms)[0m  [1mINSERT INTO "schema_migrations" ("version") VALUES ('20130327194808')[0m
  [1m[35m (117.1ms)[0m  commit transaction
Migrating to CreateAdminSuppliers (20130327200028)
  [1m[36m (0.0ms)[0m  [1mbegin transaction[0m
  [1m[35m (3.0ms)[0m  CREATE TABLE "admin_suppliers" ("id" INTEGER PRIMARY KEY AUTOINCREMENT NOT NULL, "name" varchar(255), "address" varchar(255), "phone" integer, "created_at" datetime NOT NULL, "updated_at" datetime NOT NULL) 
  [1m[36m (0.5ms)[0m  [1mINSERT INTO "schema_migrations" ("version") VALUES ('20130327200028')[0m
  [1m[35m (114.0ms)[0m  commit transaction
Migrating to CreateAdminProducts (20130327201643)
  [1m[36m (0.0ms)[0m  [1mbegin transaction[0m
  [1m[35m (3.5ms)[0m  CREATE TABLE "admin_products" ("id" INTEGER PRIMARY KEY AUTOINCREMENT NOT NULL, "catalog_id" integer, "unit_id" integer, "supplier_id" integer, "name" varchar(255), "ref" varchar(255), "manufacturer" varchar(255), "location" varchar(255), "price" decimal, "amount" decimal, "status" integer, "description" text, "created_at" datetime NOT NULL, "updated_at" datetime NOT NULL) 
  [1m[36m (1.0ms)[0m  [1mCREATE INDEX "index_admin_products_on_catalog_id" ON "admin_products" ("catalog_id")[0m
  [1m[35m (0.5ms)[0m  CREATE INDEX "index_admin_products_on_unit_id" ON "admin_products" ("unit_id")
  [1m[36m (0.4ms)[0m  [1mCREATE INDEX "index_admin_products_on_supplier_id" ON "admin_products" ("supplier_id")[0m
  [1m[35m (0.5ms)[0m  INSERT INTO "schema_migrations" ("version") VALUES ('20130327201643')
  [1m[36m (105.3ms)[0m  [1mcommit transaction[0m
Migrating to CreateAdminStaffs (20130327202157)
  [1m[35m (0.5ms)[0m  begin transaction
  [1m[36m (4.0ms)[0m  [1mCREATE TABLE "admin_staffs" ("id" INTEGER PRIMARY KEY AUTOINCREMENT NOT NULL, "name" varchar(255), "phone" integer, "address" varchar(255), "created_at" datetime NOT NULL, "updated_at" datetime NOT NULL) [0m
  [1m[35m (0.5ms)[0m  INSERT INTO "schema_migrations" ("version") VALUES ('20130327202157')
  [1m[36m (119.2ms)[0m  [1mcommit transaction[0m
Migrating to CreateAdminInputs (20130327203159)
  [1m[35m (0.0ms)[0m  begin transaction
  [1m[36m (3.6ms)[0m  [1mCREATE TABLE "admin_inputs" ("id" INTEGER PRIMARY KEY AUTOINCREMENT NOT NULL, "cod" varchar(255), "catalog_id" integer, "product_id" integer, "unit_id" integer, "supplier_id" integer, "location" varchar(255), "description" text, "created_at" datetime NOT NULL, "updated_at" datetime NOT NULL) [0m
  [1m[35m (0.0ms)[0m  CREATE INDEX "index_admin_inputs_on_catalog_id" ON "admin_inputs" ("catalog_id")
  [1m[36m (0.0ms)[0m  [1mCREATE INDEX "index_admin_inputs_on_product_id" ON "admin_inputs" ("product_id")[0m
  [1m[35m (0.6ms)[0m  CREATE INDEX "index_admin_inputs_on_unit_id" ON "admin_inputs" ("unit_id")
  [1m[36m (0.5ms)[0m  [1mCREATE INDEX "index_admin_inputs_on_supplier_id" ON "admin_inputs" ("supplier_id")[0m
  [1m[35m (0.0ms)[0m  INSERT INTO "schema_migrations" ("version") VALUES ('20130327203159')
  [1m[36m (107.2ms)[0m  [1mcommit transaction[0m
Migrating to CreateAdminOutputs (20130327203615)
  [1m[35m (0.5ms)[0m  begin transaction
  [1m[36m (3.0ms)[0m  [1mCREATE TABLE "admin_outputs" ("id" INTEGER PRIMARY KEY AUTOINCREMENT NOT NULL, "cod" varchar(255), "catalog_id" integer, "product_id" integer, "unit_id" integer, "amount" decimal, "staff_id" integer, "description" text, "created_at" datetime NOT NULL, "updated_at" datetime NOT NULL) [0m
  [1m[35m (4.6ms)[0m  CREATE INDEX "index_admin_outputs_on_catalog_id" ON "admin_outputs" ("catalog_id")
  [1m[36m (0.5ms)[0m  [1mCREATE INDEX "index_admin_outputs_on_product_id" ON "admin_outputs" ("product_id")[0m
  [1m[35m (0.5ms)[0m  CREATE INDEX "index_admin_outputs_on_unit_id" ON "admin_outputs" ("unit_id")
  [1m[36m (1.0ms)[0m  [1mCREATE INDEX "index_admin_outputs_on_staff_id" ON "admin_outputs" ("staff_id")[0m
  [1m[35m (0.0ms)[0m  INSERT INTO "schema_migrations" ("version") VALUES ('20130327203615')
  [1m[36m (219.7ms)[0m  [1mcommit transaction[0m
Migrating to CreateAdminReturns (20130327204216)
  [1m[35m (0.0ms)[0m  begin transaction
  [1m[36m (7.5ms)[0m  [1mCREATE TABLE "admin_returns" ("id" INTEGER PRIMARY KEY AUTOINCREMENT NOT NULL, "cod" varchar(255), "catalog_id" integer, "product_id" integer, "unit_id" integer, "staff_id" integer, "state" varchar(255), "amount" decimal, "description" text, "created_at" datetime NOT NULL, "updated_at" datetime NOT NULL) [0m
  [1m[35m (0.6ms)[0m  CREATE INDEX "index_admin_returns_on_catalog_id" ON "admin_returns" ("catalog_id")
  [1m[36m (0.5ms)[0m  [1mCREATE INDEX "index_admin_returns_on_product_id" ON "admin_returns" ("product_id")[0m
  [1m[35m (0.0ms)[0m  CREATE INDEX "index_admin_returns_on_unit_id" ON "admin_returns" ("unit_id")
  [1m[36m (0.5ms)[0m  [1mCREATE INDEX "index_admin_returns_on_staff_id" ON "admin_returns" ("staff_id")[0m
  [1m[35m (0.5ms)[0m  INSERT INTO "schema_migrations" ("version") VALUES ('20130327204216')
  [1m[36m (123.5ms)[0m  [1mcommit transaction[0m
  [1m[35m (0.5ms)[0m  SELECT "schema_migrations"."version" FROM "schema_migrations" 


Started GET "/admin/catalogs" for 127.0.0.1 at 2016-03-22 12:18:26 -0600
Connecting to database specified by database.yml
Processing by Admin::CatalogsController#index as HTML
  [1m[36mAdmin::Catalog Load (0.5ms)[0m  [1mSELECT "admin_catalogs".* FROM "admin_catalogs" [0m
  Rendered admin/catalogs/index.html.erb within layouts/application (12.6ms)
Warning. Error encountered while saving cache C:/inventario-master/tmp/cache/sass/4e2e2489c06e885f8cda21e7cba5d71cc148ec3b/catalogs.css.scssc: can't dump anonymous class #<Class:0x00000005a5d840>

Compiled admin/catalogs.css  (40ms)  (pid 16136)
Warning. Error encountered while saving cache C:/inventario-master/tmp/cache/sass/4e2e2489c06e885f8cda21e7cba5d71cc148ec3b/inputs.css.scssc: can't dump anonymous class #<Class:0x00000005a5d840>

Compiled admin/inputs.css  (7ms)  (pid 16136)
Warning. Error encountered while saving cache C:/inventario-master/tmp/cache/sass/4e2e2489c06e885f8cda21e7cba5d71cc148ec3b/outputs.css.scssc: can't dump anonymous class #<Class:0x00000005a5d840>

Compiled admin/outputs.css  (8ms)  (pid 16136)
Warning. Error encountered while saving cache C:/inventario-master/tmp/cache/sass/4e2e2489c06e885f8cda21e7cba5d71cc148ec3b/products.css.scssc: can't dump anonymous class #<Class:0x00000005a5d840>

Compiled admin/products.css  (11ms)  (pid 16136)
Warning. Error encountered while saving cache C:/inventario-master/tmp/cache/sass/4e2e2489c06e885f8cda21e7cba5d71cc148ec3b/returns.css.scssc: can't dump anonymous class #<Class:0x00000005a5d840>

Compiled admin/returns.css  (6ms)  (pid 16136)
Warning. Error encountered while saving cache C:/inventario-master/tmp/cache/sass/4e2e2489c06e885f8cda21e7cba5d71cc148ec3b/staffs.css.scssc: can't dump anonymous class #<Class:0x00000005a5d840>

Compiled admin/staffs.css  (2ms)  (pid 16136)
Warning. Error encountered while saving cache C:/inventario-master/tmp/cache/sass/4e2e2489c06e885f8cda21e7cba5d71cc148ec3b/suppliers.css.scssc: can't dump anonymous class #<Class:0x00000005a5d840>

Compiled admin/suppliers.css  (6ms)  (pid 16136)
Warning. Error encountered while saving cache C:/inventario-master/tmp/cache/sass/4e2e2489c06e885f8cda21e7cba5d71cc148ec3b/units.css.scssc: can't dump anonymous class #<Class:0x00000005a5d840>

Compiled admin/units.css  (4ms)  (pid 16136)
Warning. Error encountered while saving cache C:/inventario-master/tmp/cache/sass/7c65924d3de1920cb0f38656448e571447aa241e/scaffolds.css.scssc: can't dump anonymous class #<Class:0x00000005a5d840>

Compiled scaffolds.css  (34ms)  (pid 16136)
Compiled application.css  (604ms)  (pid 16136)
Compiled jquery.js  (18ms)  (pid 16136)
Compiled jquery_ujs.js  (0ms)  (pid 16136)
Compiled admin/catalogs.js  (4994ms)  (pid 16136)
Compiled admin/inputs.js  (1086ms)  (pid 16136)
Compiled admin/outputs.js  (1238ms)  (pid 16136)
Compiled admin/products.js  (3588ms)  (pid 16136)
Compiled admin/returns.js  (1632ms)  (pid 16136)
Compiled admin/staffs.js  (1831ms)  (pid 16136)
Compiled admin/suppliers.js  (1283ms)  (pid 16136)
Compiled admin/units.js  (1802ms)  (pid 16136)
Compiled application.js  (18286ms)  (pid 16136)
Completed 200 OK in 20713ms (Views: 20596.4ms | ActiveRecord: 10.1ms)


Started GET "/assets/application.css?body=1" for 127.0.0.1 at 2016-03-22 12:18:49 -0600
Served asset /application.css - 304 Not Modified (155ms)


Started GET "/assets/admin/staffs.css?body=1" for 127.0.0.1 at 2016-03-22 12:18:49 -0600
Served asset /admin/staffs.css - 304 Not Modified (13ms)


Started GET "/assets/admin/catalogs.css?body=1" for 127.0.0.1 at 2016-03-22 12:18:50 -0600
Served asset /admin/catalogs.css - 304 Not Modified (8ms)


Started GET "/assets/admin/inputs.css?body=1" for 127.0.0.1 at 2016-03-22 12:18:50 -0600
Served asset /admin/inputs.css - 304 Not Modified (30ms)


Started GET "/assets/admin/outputs.css?body=1" for 127.0.0.1 at 2016-03-22 12:18:50 -0600
Served asset /admin/outputs.css - 304 Not Modified (10ms)


Started GET "/assets/admin/products.css?body=1" for 127.0.0.1 at 2016-03-22 12:18:50 -0600
Served asset /admin/products.css - 304 Not Modified (16ms)


Started GET "/assets/admin/returns.css?body=1" for 127.0.0.1 at 2016-03-22 12:18:50 -0600
Served asset /admin/returns.css - 304 Not Modified (10ms)


Started GET "/assets/admin/suppliers.css?body=1" for 127.0.0.1 at 2016-03-22 12:18:50 -0600
Served asset /admin/suppliers.css - 304 Not Modified (41ms)


Started GET "/assets/admin/units.css?body=1" for 127.0.0.1 at 2016-03-22 12:18:50 -0600
Served asset /admin/units.css - 304 Not Modified (34ms)


Started GET "/assets/scaffolds.css?body=1" for 127.0.0.1 at 2016-03-22 12:18:50 -0600
Served asset /scaffolds.css - 304 Not Modified (9ms)


Started GET "/assets/jquery.js?body=1" for 127.0.0.1 at 2016-03-22 12:18:50 -0600
Served asset /jquery.js - 304 Not Modified (61ms)


Started GET "/assets/jquery_ujs.js?body=1" for 127.0.0.1 at 2016-03-22 12:18:51 -0600
Served asset /jquery_ujs.js - 304 Not Modified (14ms)


Started GET "/assets/admin/catalogs.js?body=1" for 127.0.0.1 at 2016-03-22 12:18:51 -0600
Served asset /admin/catalogs.js - 304 Not Modified (28ms)


Started GET "/assets/admin/inputs.js?body=1" for 127.0.0.1 at 2016-03-22 12:18:51 -0600
Served asset /admin/inputs.js - 304 Not Modified (17ms)


Started GET "/assets/admin/outputs.js?body=1" for 127.0.0.1 at 2016-03-22 12:18:51 -0600
Served asset /admin/outputs.js - 304 Not Modified (10ms)


Started GET "/assets/admin/products.js?body=1" for 127.0.0.1 at 2016-03-22 12:18:51 -0600
Served asset /admin/products.js - 304 Not Modified (9ms)


Started GET "/assets/admin/returns.js?body=1" for 127.0.0.1 at 2016-03-22 12:18:51 -0600
Served asset /admin/returns.js - 304 Not Modified (9ms)


Started GET "/assets/admin/staffs.js?body=1" for 127.0.0.1 at 2016-03-22 12:18:51 -0600
Served asset /admin/staffs.js - 304 Not Modified (6ms)


Started GET "/assets/admin/suppliers.js?body=1" for 127.0.0.1 at 2016-03-22 12:18:52 -0600
Served asset /admin/suppliers.js - 304 Not Modified (6ms)


Started GET "/assets/admin/units.js?body=1" for 127.0.0.1 at 2016-03-22 12:18:52 -0600
Served asset /admin/units.js - 304 Not Modified (7ms)


Started GET "/assets/application.js?body=1" for 127.0.0.1 at 2016-03-22 12:18:52 -0600
Served asset /application.js - 304 Not Modified (66ms)
